
> coventina-ai@0.1.0 build
> next build

⚠ `eslint` configuration in next.config.ts is no longer supported. See more info here: https://nextjs.org/docs/app/api-reference/cli/next#next-lint-options
⚠ Invalid next.config.ts options detected: 
⚠     Unrecognized key(s) in object: 'eslint'
⚠ See more info here: https://nextjs.org/docs/messages/invalid-next-config
⚠ Warning: Next.js inferred your workspace root, but it may not be correct.
 We detected multiple lockfiles and selected the directory of C:\Users\ASUS\package-lock.json as the root directory.
 To silence this warning, set `turbopack.root` in your Next.js config, or consider removing one of the lockfiles if it's not needed.
   See https://nextjs.org/docs/app/api-reference/config/next-config-js/turbopack#root-directory for more information.
 Detected additional lockfiles: 
   * C:\Users\ASUS\Downloads\Telegram Desktop\Coventinae (2)\Coventinae\package-lock.json

▲ Next.js 16.1.6 (Turbopack)
- Environments: .env

⚠ The "middleware" file convention is deprecated. Please use "proxy" instead. Learn more: https://nextjs.org/docs/messages/middleware-to-proxy
  Creating an optimized production build ...
✓ Compiled successfully in 10.5s
  Skipping validation of types
  Collecting page data using 3 workers ...
  Generating static pages using 3 workers (0/26) ...
Error occurred prerendering page "/experiences/candle-light-dinner". Read more: https://nextjs.org/docs/messages/prerender-error
ReferenceError: Link is not defined
    at k (C:\Users\ASUS\Downloads\Telegram Desktop\Coventinae (2)\Coventinae\.next\server\chunks\ssr\[root-of-the-server]__72746844._.js:1:5602)
    at stringify (<anonymous>) {
  digest: '3805447829'
}
Export encountered an error on /(public)/experiences/candle-light-dinner/page: /experiences/candle-light-dinner, exiting the build.
⨯ Next.js build worker exited with code: 1 and signal: null
